[51927:51928:0131/115206.128633:VERBOSE1:variations_field_trial_creator_base.cc(78)] VariationsSeedUsage:12
[51927:51928:0131/115206.128685:VERBOSE1:variations_field_trial_creator_base.cc(347)] VariationsSetupComplete
[51927:51928:0131/115206.135835:WARNING:wayland_object.cc(179)] Binding to wl_seat version 8 but version 9 is available.
[51927:51928:0131/115206.135931:WARNING:wayland_object.cc(179)] Binding to zwp_pointer_gestures_v1 version 1 but version 3 is available.
[51927:51928:0131/115206.136011:WARNING:wayland_object.cc(179)] Binding to zwp_linux_dmabuf_v1 version 3 but version 4 is available.
[51927:51951:0131/115206.197422:VERBOSE1:bus.cc(916)] Method call: message_type: MESSAGE_METHOD_CALL
interface: org.freedesktop.DBus
member: GetNameOwner
signature: s

string "org.chromium.bluetooth.Manager"

[51927:51928:0131/115206.197552:VERBOSE1:webrtc_event_log_manager.cc(97)] WebRTC remote-bound event logging enabled.
[51927:51928:0131/115206.197720:VERBOSE1:pref_proxy_config_tracker_impl.cc(199)] 0x78bf8021ba40: set chrome proxy config service to 0x5a91520a4430
[51927:51928:0131/115206.201241:VERBOSE1:device_event_log_impl.cc(203)] [11:52:06.198] Display: EVENT: wayland_screen.cc:143 Displays updated, count: 1
[51927:51928:0131/115206.201292:VERBOSE1:device_event_log_impl.cc(203)] [11:52:06.201] Display: EVENT: wayland_screen.cc:146 Display[66] bounds=[5120,0 2560x1440], workarea=[5120,0 2560x1440], scale=1, rotation=0, panel_rotation=0 external detected
[51927:51928:0131/115206.201427:VERBOSE1:cdm_registration.cc(294)] Widevine enabled but no library found
[51927:51941:0131/115206.202092:VERBOSE1:bus.cc(916)] Method call: message_type: MESSAGE_METHOD_CALL
interface: org.freedesktop.DBus
member: GetNameOwner
signature: s

string "org.freedesktop.login1"

[51927:51944:0131/115206.202648:VERBOSE1:media_stream_manager.cc(1517)] MSM::InitializeMaybeAsync([this=0x78bf80268db0])
[51927:51944:0131/115206.202668:VERBOSE1:media_stream_manager.cc(1517)] MDM::MediaDevicesManager()
[51927:51941:0131/115206.202901:VERBOSE1:bus.cc(916)] Method call: message_type: MESSAGE_METHOD_CALL
interface: org.freedesktop.DBus
member: GetNameOwner
signature: s

string "org.freedesktop.portal.Desktop"

[51927:51944:0131/115206.202961:VERBOSE1:media_stream_manager.cc(1517)] MSM::MediaStreamManager([this=0x78bf80268db0]))
[51927:51941:0131/115206.204006:VERBOSE1:select_file_dialog_linux_portal.cc(292)] File chooser portal available: yes
[51927:51940:0131/115206.207041:VERBOSE1:file_util_posix.cc(310)] Cannot stat "/home/diego/Workspace/Cherry-1/examples/advanced/build/bin/Consent To Send Stats": No such file or directory (2)
[51927:51928:0131/115206.208842:VERBOSE1:key_storage_util_linux.cc(51)] Password storage detected desktop environment: KDE6
[51927:51928:0131/115206.208861:VERBOSE1:key_storage_linux.cc(118)] Selected backend for OSCrypt: KWALLET6
[51927:51928:0131/115206.211004:VERBOSE1:key_storage_linux.cc(188)] OSCrypt using KWallet as backend.
[51927:51928:0131/115206.211626:VERBOSE1:bus.cc(720)] Requested to remove an unknown filter function: 1 with associated data: 0x78bf802df1f0
[51927:51928:0131/115206.211819:VERBOSE1:chrome_browser_cloud_management_controller.cc(161)] Cloud management controller initialization aborted as CBCM is not enabled. Please use the `--enable-chrome-browser-cloud-management` command line flag to enable it if you are not using the official Google Chrome build.
[51927:51928:0131/115206.216085:WARNING:account_consistency_mode_manager.cc(77)] Desktop Identity Consistency cannot be enabled as no OAuth client ID and client secret have been configured.
[51927:51928:0131/115206.216105:VERBOSE1:account_consistency_mode_manager.cc(212)] Desktop Identity Consistency disabled as sign-in to Chrome is not allowed
[51927:51942:0131/115206.218106:VERBOSE1:file_util_posix.cc(310)] Cannot stat "/home/diego/Workspace/Cherry-1/examples/advanced/build/bin/Default/Web Applications/Logs/WebAppInstallManager.log": No such file or directory (2)
[51927:51928:0131/115206.219084:VERBOSE1:pref_proxy_config_tracker_impl.cc(199)] 0x78bf801dfff0: set chrome proxy config service to 0x78bf8043db90
[51927:51928:0131/115206.219158:VERBOSE1:account_consistency_mode_manager.cc(212)] Desktop Identity Consistency disabled as sign-in to Chrome is not allowed
[51927:51928:0131/115206.219239:VERBOSE1:mutable_profile_oauth2_token_service_delegate.cc(282)] MutablePO2TS::MutablePO2TS
[51927:51928:0131/115206.220283:VERBOSE1:pref_proxy_config_tracker_impl.cc(199)] 0x78bf800836e0: set chrome proxy config service to 0x78bf80467be0
[51927:51928:0131/115206.220471:VERBOSE1:device_event_log_impl.cc(203)] [11:52:06.220] Bluetooth: EVENT: bluetooth_api.cc:82 BluetoothAPI: 0x78bf80066fa0
[51927:51928:0131/115206.221439:VERBOSE1:account_consistency_mode_manager.cc(212)] Desktop Identity Consistency disabled as sign-in to Chrome is not allowed
[51927:51928:0131/115206.223610:VERBOSE1:gaia_auth_util.cc(51)] Canonicalized @gmail.com to @gmail.com
[51927:51928:0131/115206.223702:VERBOSE1:gaia_auth_util.cc(51)] Canonicalized @gmail.com to @gmail.com
[51927:51928:0131/115206.224505:VERBOSE1:bluetooth_low_energy_event_router.cc(291)] Initializing BluetoothLowEnergyEventRouter.
[51927:51928:0131/115206.226083:VERBOSE1:gaia_auth_util.cc(51)] Canonicalized @gmail.com to @gmail.com
[51927:51928:0131/115206.226099:VERBOSE1:gaia_auth_util.cc(51)] Canonicalized @gmail.com to @gmail.com
[51927:51928:0131/115206.226132:VERBOSE1:account_consistency_mode_manager.cc(212)] Desktop Identity Consistency disabled as sign-in to Chrome is not allowed
[51927:51928:0131/115206.226139:VERBOSE1:account_consistency_mode_manager.cc(212)] Desktop Identity Consistency disabled as sign-in to Chrome is not allowed
[51927:51928:0131/115206.226145:VERBOSE1:account_consistency_mode_manager.cc(212)] Desktop Identity Consistency disabled as sign-in to Chrome is not allowed
[51927:51928:0131/115206.226150:VERBOSE1:account_reconcilor.cc(187)] AccountReconcilor::AccountReconcilor
[51927:51928:0131/115206.226154:VERBOSE1:account_reconcilor.cc(225)] AccountReconcilor::Initialize
[51927:51928:0131/115206.227046:VERBOSE1:cached_result_provider.cc(54)] CachedResultProvider loaded prefs with results from previous session: PredictionResult: timestamp: 13382788513711603 result 0: 0 for segmentation key shopping_user
[51927:51928:0131/115206.228387:VERBOSE1:extension_service.cc(1609)] AddComponentExtension Web Store
[51927:51928:0131/115206.228603:VERBOSE1:extension_service.cc(1609)] AddComponentExtension Chromium PDF Viewer
[51927:51928:0131/115206.229184:VERBOSE1:mutable_profile_oauth2_token_service_delegate.cc(369)] MutablePO2TS::RefreshTokenIsAvailable
[51927:51928:0131/115206.229198:VERBOSE1:mutable_profile_oauth2_token_service_delegate.cc(369)] MutablePO2TS::RefreshTokenIsAvailable
[51927:51928:0131/115206.229291:VERBOSE1:profile_manager.cc(1918)] ForceSigninCheck: 0, 0, 1
[51927:51940:0131/115206.229300:WARNING:user_type_filter.cc(59)] No user type filter specified for cimiefiiaegbelhefglklhhakcgmhkai. Using default user type filter, please update the app.
[51927:51940:0131/115206.229541:VERBOSE1:file_util_posix.cc(310)] Cannot stat "/home/diego/Workspace/Cherry-1/examples/advanced/build/bin/Default/Policy/User Policy": No such file or directory (2)
[51927:51940:0131/115206.229612:VERBOSE1:file_util_posix.cc(310)] Cannot stat "/home/diego/Workspace/Cherry-1/examples/advanced/build/bin/Default/Policy/Signing Key": No such file or directory (2)
[51927:51928:0131/115206.229717:VERBOSE1:on_device_head_suggest_component_installer.cc(61)] On Device Head Component will fetch model for locale: FR500000
[51927:51940:0131/115206.229725:VERBOSE1:component_installer.cc(482)] StartRegistration for Widevine Content Decryption Module
[51927:51942:0131/115206.229718:VERBOSE1:component_installer.cc(482)] StartRegistration for Subresource Filter Rules
[51927:51928:0131/115206.229747:VERBOSE1:trust_token_key_commitments_component_installer.cc(30)] Registering Trust Token Key Commitments component.
[51927:51928:0131/115206.229767:VERBOSE1:first_party_sets_component_installer.cc(39)] Registering Related Website Sets component.
[51927:51928:0131/115206.229778:VERBOSE1:privacy_sandbox_attestations_component_installer.cc(190)] Registering Privacy Sandbox Attestations component
[51927:51942:0131/115206.229795:VERBOSE1:component_installer.cc(482)] StartRegistration for Privacy Sandbox Attestations
[51927:51928:0131/115206.229811:VERBOSE1:file_type_policies_component_installer.cc(134)] Registering File Type Policies component.
[51927:51942:0131/115206.229837:VERBOSE1:component_installer.cc(482)] StartRegistration for Optimization Hints
[51927:51942:0131/115206.229888:VERBOSE1:component_installer.cc(482)] StartRegistration for Certificate Error Assistant
[51927:51954:0131/115206.229906:VERBOSE1:component_installer.cc(482)] StartRegistration for File Type Policies
[51927:51953:0131/115206.229942:VERBOSE1:component_installer.cc(482)] StartRegistration for CRLSet
[51927:51968:0131/115206.229956:VERBOSE1:component_installer.cc(482)] StartRegistration for MEI Preload
[51927:51954:0131/115206.229975:VERBOSE1:component_installer.cc(482)] StartRegistration for PKI Metadata
[51927:51968:0131/115206.230000:VERBOSE1:component_installer.cc(482)] StartRegistration for Safety Tips
[51927:51955:0131/115206.229838:VERBOSE1:component_installer.cc(482)] StartRegistration for OnDeviceHeadSuggest
[51927:51942:0131/115206.229946:VERBOSE1:component_installer.cc(482)] StartRegistration for Origin Trials
[51927:51958:0131/115206.230137:VERBOSE1:component_installer.cc(482)] StartRegistration for Trust Token Key Commitments
[51927:51928:0131/115206.230151:VERBOSE1:hyphenation_component_installer.cc(157)] Registering Hyphenation component.
[51927:51956:0131/115206.230164:VERBOSE1:component_installer.cc(482)] StartRegistration for Crowd Deny
[51927:51958:0131/115206.230190:VERBOSE1:component_installer.cc(482)] StartRegistration for Hyphenation
[51927:51928:0131/115206.230191:VERBOSE1:tpcd_metadata_component_installer.cc(23)] Third Party Cookie Deprecation Metadata component.
[51927:51969:0131/115206.230206:VERBOSE1:component_installer.cc(482)] StartRegistration for Zxcvbn Data Dictionaries
[51927:51928:0131/115206.230216:VERBOSE1:translate_kit_component_installer.cc(156)] Registering TranslateKit component.
[51927:51956:0131/115206.230226:VERBOSE1:component_installer.cc(482)] StartRegistration for Autofill States Data
[51927:51958:0131/115206.230238:VERBOSE1:component_installer.cc(482)] StartRegistration for Third-Party Cookie Deprecation Metadata
[51927:51928:0131/115206.230256:VERBOSE1:profile_manager.cc(1270)] AddKeepAlive(Default, kAppWindow). keep_alives=[kWaitingForFirstBrowserWindow (1), kAppWindow (1)]
[51927:51941:0131/115206.269886:VERBOSE1:object_proxy.cc(513)] Signal received: message_type: MESSAGE_SIGNAL
path: /org/freedesktop/portal/desktop
interface: org.freedesktop.portal.Settings
member: SettingChanged
sender: :1.8
signature: ssv
serial: 3591

string "org.kde.VirtualKeyboard"
string "active"
variant   bool false

[51927:51941:0131/115206.280099:VERBOSE1:object_proxy.cc(513)] Signal received: message_type: MESSAGE_SIGNAL
path: /org/freedesktop/portal/desktop
interface: org.freedesktop.portal.Settings
member: SettingChanged
sender: :1.8
signature: ssv
serial: 3592

string "org.kde.VirtualKeyboard"
string "activeClientSupportsTextInput"
variant   bool false

[51927:51959:0131/115206.482751:WARNING:vaapi_wrapper.cc(1534)] Skipping nVidia device named: nvidia-drm
[51927:51959:0131/115206.483049:VERBOSE1:vaapi_wrapper.cc(1556)] GetHandle(): Either VADisplayStateSingleton::PreSandboxInitialization() hasn't been called or that method failed to find a suitable render node
[51927:51959:0131/115206.483114:WARNING:viz_main_impl.cc(85)] VizNullHypothesis is disabled (not a warning)
[51927:51928:0131/115206.618420:VERBOSE1:mutable_profile_oauth2_token_service_delegate.cc(369)] MutablePO2TS::RefreshTokenIsAvailable
[51927:51928:0131/115206.618451:VERBOSE1:account_consistency_mode_manager.cc(212)] Desktop Identity Consistency disabled as sign-in to Chrome is not allowed
[51927:51941:0131/115206.637855:VERBOSE1:bus.cc(916)] Method call: message_type: MESSAGE_METHOD_CALL
interface: org.freedesktop.DBus
member: GetNameOwner
signature: s

string "org.freedesktop.portal.Desktop"

[51927:51928:0131/115206.638744:VERBOSE1:profile_manager.cc(1270)] AddKeepAlive(Default, kExtensionUpdater). keep_alives=[kWaitingForFirstBrowserWindow (1), kAppWindow (1), kExtensionUpdater (1)]
[51927:51928:0131/115206.638984:VERBOSE1:component_installer.cc(561)] FinishRegistration for Subresource Filter Rules
[51927:51928:0131/115206.639009:VERBOSE1:component_updater_service.cc(165)] CrxUpdateService starting up. First update attempt will take place in 60 s seconds. Next update attempt will take place in 18000 s seconds. 
[51927:51928:0131/115206.639027:VERBOSE1:component_installer.cc(561)] FinishRegistration for Privacy Sandbox Attestations
[51927:51928:0131/115206.639041:VERBOSE1:component_installer.cc(561)] FinishRegistration for Optimization Hints
[51927:51928:0131/115206.639058:VERBOSE1:component_installer.cc(561)] FinishRegistration for Certificate Error Assistant
[51927:51928:0131/115206.639069:VERBOSE1:component_installer.cc(561)] FinishRegistration for File Type Policies
[51927:51928:0131/115206.639081:VERBOSE1:component_installer.cc(561)] FinishRegistration for MEI Preload
[51927:51928:0131/115206.639091:VERBOSE1:component_installer.cc(561)] FinishRegistration for PKI Metadata
[51927:51928:0131/115206.639103:VERBOSE1:component_installer.cc(561)] FinishRegistration for Safety Tips
[51927:51928:0131/115206.639113:VERBOSE1:component_installer.cc(561)] FinishRegistration for Widevine Content Decryption Module
[51927:51928:0131/115206.639126:VERBOSE1:component_installer.cc(561)] FinishRegistration for OnDeviceHeadSuggest
[51927:51928:0131/115206.639138:VERBOSE1:component_installer.cc(561)] FinishRegistration for Origin Trials
[51927:51928:0131/115206.639149:VERBOSE1:component_installer.cc(561)] FinishRegistration for Trust Token Key Commitments
[51927:51928:0131/115206.639160:VERBOSE1:component_installer.cc(561)] FinishRegistration for Crowd Deny
[51927:51928:0131/115206.639171:VERBOSE1:component_installer.cc(561)] FinishRegistration for Hyphenation
[51927:51928:0131/115206.639182:VERBOSE1:component_installer.cc(561)] FinishRegistration for Zxcvbn Data Dictionaries
[51927:51928:0131/115206.639194:VERBOSE1:component_installer.cc(561)] FinishRegistration for Autofill States Data
[51927:51928:0131/115206.639204:VERBOSE1:component_installer.cc(561)] FinishRegistration for Third-Party Cookie Deprecation Metadata
[51927:51928:0131/115206.639268:VERBOSE1:component_installer.cc(561)] FinishRegistration for CRLSet
[51927:51928:0131/115206.639816:VERBOSE1:gaia_cookie_manager_service.cc(824)] GaiaCookieManagerService::ListAccounts
[51965:51981:0131/115206.640374:VERBOSE1:network_delegate.cc(37)] NetworkDelegate::NotifyBeforeURLRequest: https://google.com/
[51965:51981:0131/115206.640848:VERBOSE1:network_delegate.cc(37)] NetworkDelegate::NotifyBeforeURLRequest: https://clients2.google.com/service/update2/crx?os=linux&arch=x64&os_arch=x86_64&nacl_arch=x86-64&prod=chromiumcrx&prodchannel=&prodversion=132.0.6834.83&lang=fr&acceptformat=crx3,puff&x=id%3Dcimiefiiaegbelhefglklhhakcgmhkai%26v%3D0.0.0.0%26installedby%3Dexternal%26uc%26ping%3Dr%253D-1%2526e%253D1
[51965:51981:0131/115206.641014:VERBOSE1:network_delegate.cc(37)] NetworkDelegate::NotifyBeforeURLRequest: https://accounts.google.com/ListAccounts?gpsia=1&source=ChromiumBrowser&json=standard
[51927:52014:0131/115206.641836:VERBOSE1:bus.cc(916)] Method call: message_type: MESSAGE_METHOD_CALL
interface: org.freedesktop.DBus
member: GetNameOwner
signature: s

string "org.freedesktop.UPower"

[51927:52014:0131/115206.642021:VERBOSE1:bus.cc(699)] Filter function already exists: 1 with associated data: 0x78beb40015f0
[51927:52014:0131/115206.642039:VERBOSE1:bus.cc(916)] Method call: message_type: MESSAGE_METHOD_CALL
interface: org.freedesktop.DBus
member: GetNameOwner
signature: s

string "org.freedesktop.UPower"

[51927:51941:0131/115206.642250:VERBOSE1:object_proxy.cc(513)] Signal received: message_type: MESSAGE_SIGNAL
destination: :1.1253
path: /org/freedesktop/portal/desktop/request/1_1253/cr_secret_portal_response_token
interface: org.freedesktop.portal.Request
member: Response
sender: :1.8
signature: ua{sv}
serial: 3600

uint32_t 0
array [
]

[51965:51982:0131/115206.642429:VERBOSE1:simple_index_file.cc(606)] Simple Cache Index is being restored from disk.
[51927:51928:0131/115206.642842:VERBOSE1:partitioned_lock_manager.cc(212)] Acquiring <PartitionedLockId>{id: 0x31, partition: 0} for Start@chrome/browser/web_applications/generated_icon_fix_manager.cc:58
[51927:51928:0131/115206.642859:VERBOSE1:partitioned_lock_manager.cc(194)] All locks acquired for Start@chrome/browser/web_applications/generated_icon_fix_manager.cc:58
[51927:51928:0131/115206.643619:VERBOSE1:partitioned_lock_manager.cc(236)] Releasing <PartitionedLockId>{id: 0x31, partition: 0} requested by Start@chrome/browser/web_applications/generated_icon_fix_manager.cc:58
[51927:52014:0131/115206.643657:VERBOSE1:bus.cc(720)] Requested to remove an unknown filter function: 1 with associated data: 0x78beb4006050
[51927:51994:0131/115206.644713:VERBOSE1:video_capture_oracle.cc(96)] Capture size auto-throttling is now enabled.
[51927:51994:0131/115206.644789:VERBOSE1:video_capture_oracle.cc(125)] Capture size auto-throttling is now disabled.
[51927:51994:0131/115206.644811:VERBOSE1:capture_resolution_chooser.cc(205)] Recomputed snapped frame sizes: 500x500
[51927:51994:0131/115206.644818:VERBOSE1:capture_resolution_chooser.cc(157)] Recomputed capture size from 640x360 to 500x500 (100% of ideal size)
[51927:51943:0131/115206.645347:VERBOSE1:token_service_table.cc(202)] Loaded tokens: result = 3 ; number of tokens loaded = 0
[51927:51928:0131/115206.645806:VERBOSE1:mutable_profile_oauth2_token_service_delegate.cc(486)] MutablePO2TS::OnWebDataServiceRequestDone. Result type: 5
[51927:51928:0131/115206.645820:VERBOSE1:mutable_profile_oauth2_token_service_delegate.cc(546)] MutablePO2TS::LoadAllCredentialsIntoMemory; 0 credential(s).
[51927:51928:0131/115206.645866:VERBOSE1:mutable_profile_oauth2_token_service_delegate.cc(369)] MutablePO2TS::RefreshTokenIsAvailable
[51927:51928:0131/115206.645875:VERBOSE1:mutable_profile_oauth2_token_service_delegate.cc(369)] MutablePO2TS::RefreshTokenIsAvailable
[51927:51928:0131/115206.645944:VERBOSE1:mutable_profile_oauth2_token_service_delegate.cc(369)] MutablePO2TS::RefreshTokenIsAvailable
[51927:51928:0131/115206.645965:VERBOSE1:mutable_profile_oauth2_token_service_delegate.cc(369)] MutablePO2TS::RefreshTokenIsAvailable
[51927:51928:0131/115206.645970:VERBOSE1:mutable_profile_oauth2_token_service_delegate.cc(369)] MutablePO2TS::RefreshTokenIsAvailable
[51927:51928:0131/115206.647001:VERBOSE1:mutable_profile_oauth2_token_service_delegate.cc(369)] MutablePO2TS::RefreshTokenIsAvailable
[51927:51928:0131/115206.647025:VERBOSE1:account_consistency_mode_manager.cc(212)] Desktop Identity Consistency disabled as sign-in to Chrome is not allowed
[51965:51981:0131/115206.648147:VERBOSE1:tls_handshaker.cc(105)] TlsClient: Continuing handshake
[51965:51981:0131/115206.649127:VERBOSE1:network_delegate.cc(37)] NetworkDelegate::NotifyBeforeURLRequest: https://www.google.com/
[51965:51981:0131/115206.650831:VERBOSE1:tls_handshaker.cc(105)] TlsClient: Continuing handshake
[51965:51981:0131/115206.651392:VERBOSE1:tls_handshaker.cc(105)] TlsClient: Continuing handshake
[51965:51981:0131/115206.658138:VERBOSE1:tls_handshaker.cc(105)] TlsClient: Continuing handshake
[51965:51981:0131/115206.658176:VERBOSE1:tls_handshaker.cc(105)] TlsClient: Continuing handshake
[51965:51981:0131/115206.659112:VERBOSE1:tls_handshaker.cc(105)] TlsClient: Continuing handshake
[51965:51981:0131/115206.659193:VERBOSE1:tls_handshaker.cc(105)] TlsClient: Continuing handshake
[51965:51981:0131/115206.659427:VERBOSE1:tls_handshaker.cc(105)] TlsClient: Continuing handshake
[51965:51981:0131/115206.659500:VERBOSE1:tls_handshaker.cc(105)] TlsClient: Continuing handshake
[51965:51981:0131/115206.659586:VERBOSE1:tls_handshaker.cc(105)] TlsClient: Continuing handshake
[51965:51981:0131/115206.661515:VERBOSE1:tls_handshaker.cc(105)] TlsClient: Continuing handshake
[51965:51981:0131/115206.661554:VERBOSE1:tls_handshaker.cc(105)] TlsClient: Continuing handshake
[51965:51981:0131/115206.661593:VERBOSE1:tls_handshaker.cc(105)] TlsClient: Continuing handshake
[51965:51981:0131/115206.662171:VERBOSE1:tls_handshaker.cc(105)] TlsClient: Continuing handshake
[51965:51981:0131/115206.662196:VERBOSE1:tls_handshaker.cc(105)] TlsClient: Continuing handshake
[51965:51981:0131/115206.664697:VERBOSE1:tls_handshaker.cc(105)] TlsClient: Continuing handshake
[51927:51928:0131/115206.664966:VERBOSE1:signal_filter_processor.cc(61)] Segmentation platform started observing Session.TotalDuration
[51927:51928:0131/115206.664978:VERBOSE1:signal_filter_processor.cc(61)] Segmentation platform started observing Commerce.PriceDrops.ActiveTabNavigationComplete.IsProductDetailPage
[51927:51928:0131/115206.664984:VERBOSE1:signal_filter_processor.cc(54)] Segmentation platform started observing Autofill_PolledCreditCardSuggestions
[51927:51928:0131/115206.664990:VERBOSE1:signal_filter_processor.cc(61)] Segmentation platform started observing IOS.ParcelTracking.Tracked.AutoTrack
[51927:51928:0131/115206.664994:VERBOSE1:signal_filter_processor.cc(61)] Segmentation platform started observing Omnibox.SuggestionUsed.ClientSummarizedResultType
[51927:51928:0131/115206.665000:VERBOSE1:signal_filter_processor.cc(54)] Segmentation platform started observing MetadataWriter
[51927:51928:0131/115206.665005:VERBOSE1:signal_filter_processor.cc(61)] Segmentation platform started observing Sync.DeviceCount2
[51927:51928:0131/115206.665009:VERBOSE1:signal_filter_processor.cc(61)] Segmentation platform started observing Sync.DeviceCount2.Phone
[51927:51928:0131/115206.665013:VERBOSE1:signal_filter_processor.cc(61)] Segmentation platform started observing Sync.DeviceCount2.Desktop
[51927:51928:0131/115206.665017:VERBOSE1:signal_filter_processor.cc(61)] Segmentation platform started observing Sync.DeviceCount2.Tablet
[51927:51928:0131/115206.665022:VERBOSE1:signal_filter_processor.cc(54)] Segmentation platform started observing MobileBookmarkManagerOpen
[51927:51928:0131/115206.665026:VERBOSE1:signal_filter_processor.cc(54)] Segmentation platform started observing NewTabPage.MostVisited.Clicked
[51927:51928:0131/115206.665030:VERBOSE1:signal_filter_processor.cc(54)] Segmentation platform started observing TabGroup.Created.OpenInNewTab
[51927:51928:0131/115206.665034:VERBOSE1:signal_filter_processor.cc(54)] Segmentation platform started observing Android.HistoryPage.OpenItem
[51927:51928:0131/115206.665039:VERBOSE1:signal_filter_processor.cc(54)] Segmentation platform started observing MobileMenuRecentTabs
[51927:51928:0131/115206.665043:VERBOSE1:signal_filter_processor.cc(61)] Segmentation platform started observing PasswordManager.ManagePasswordsReferrer
[51927:51928:0131/115206.665047:VERBOSE1:signal_filter_processor.cc(61)] Segmentation platform started observing PasswordManager.ProfileStore.TotalAccountsHiRes3.WithScheme.Https
[51927:51928:0131/115206.665051:VERBOSE1:signal_filter_processor.cc(61)] Segmentation platform started observing PasswordManager.FillingAssistance
[51927:51928:0131/115206.665061:VERBOSE1:signal_filter_processor.cc(61)] Segmentation platform started observing PasswordManager.SavedPasswordIsGenerated
[51927:51928:0131/115206.665065:VERBOSE1:signal_filter_processor.cc(61)] Segmentation platform started observing PasswordManager.SaveUIDismissalReason
[51927:51928:0131/115206.665070:VERBOSE1:signal_filter_processor.cc(61)] Segmentation platform started observing PasswordManager.SaveUIDismissalReason
[51927:51928:0131/115206.665074:VERBOSE1:signal_filter_processor.cc(61)] Segmentation platform started observing IOS.CredentialExtension.IsEnabled.Startup
[51965:51981:0131/115206.665936:VERBOSE1:tls_handshaker.cc(105)] TlsClient: Continuing handshake
[51965:51981:0131/115206.665985:VERBOSE1:tls_handshaker.cc(105)] TlsClient: Continuing handshake
[51965:51981:0131/115206.666027:VERBOSE1:tls_handshaker.cc(105)] TlsClient: Continuing handshake
[51965:51981:0131/115206.668527:VERBOSE1:tls_handshaker.cc(105)] TlsClient: Continuing handshake
[51965:51981:0131/115206.670151:VERBOSE1:tls_handshaker.cc(105)] TlsClient: Continuing handshake
[51965:51981:0131/115206.703122:VERBOSE1:tls_handshaker.cc(105)] TlsClient: Continuing handshake
[51965:51981:0131/115206.703756:VERBOSE1:tls_handshaker.cc(105)] TlsClient: Continuing handshake
[51965:51981:0131/115206.704472:VERBOSE1:tls_handshaker.cc(105)] TlsClient: Continuing handshake
[51927:51928:0131/115206.724893:VERBOSE1:profile_manager.cc(1326)] RemoveKeepAlive(Default, kExtensionUpdater). keep_alives=[kWaitingForFirstBrowserWindow (1), kAppWindow (1)]
[51965:51980:0131/115206.764206:VERBOSE1:file_util_posix.cc(310)] Cannot stat "/home/diego/Workspace/Cherry-1/examples/advanced/build/bin/Default/Cache/Cache_Data/dc76683fa5e501c0_0": No such file or directory (2)
[51965:51980:0131/115206.764331:VERBOSE1:file_util_posix.cc(310)] Cannot stat "/home/diego/Workspace/Cherry-1/examples/advanced/build/bin/Default/Cache/Cache_Data/dc76683fa5e501c0_1": No such file or directory (2)
[51965:51980:0131/115206.764379:VERBOSE1:file_util_posix.cc(310)] Cannot stat "/home/diego/Workspace/Cherry-1/examples/advanced/build/bin/Default/Cache/Cache_Data/dc76683fa5e501c0_s": No such file or directory (2)
[51927:51928:0131/115206.800196:VERBOSE1:gaia_cookie_manager_service.cc(688)] ListAccounts successful
[51927:51928:0131/115206.800349:VERBOSE1:gaia_cookie_manager_service.cc(860)] GaiaCookieManagerService::HandleNextRequest
[51927:51994:0131/115206.819856:VERBOSE1:video_capture_oracle.cc(96)] Capture size auto-throttling is now enabled.
[51927:51994:0131/115206.819970:VERBOSE1:video_capture_oracle.cc(125)] Capture size auto-throttling is now disabled.
[51927:51994:0131/115206.819996:VERBOSE1:capture_resolution_chooser.cc(205)] Recomputed snapped frame sizes: 500x500
[51927:51994:0131/115206.820007:VERBOSE1:capture_resolution_chooser.cc(157)] Recomputed capture size from 640x360 to 500x500 (100% of ideal size)
[51927:51928:0131/115206.820226:VERBOSE1:mutable_profile_oauth2_token_service_delegate.cc(369)] MutablePO2TS::RefreshTokenIsAvailable
[51927:51958:0131/115206.827118:VERBOSE1:file_util_posix.cc(310)] Cannot stat "/home/diego/Workspace/Cherry-1/examples/advanced/build/bin/DeferredBrowserMetrics": No such file or directory (2)
[51927:51958:0131/115206.827156:VERBOSE1:file_util_posix.cc(310)] Cannot stat "/home/diego/Workspace/Cherry-1/examples/advanced/build/bin/CrashpadMetrics.pma": No such file or directory (2)
[51927:51943:0131/115206.827224:VERBOSE1:file_util_posix.cc(310)] Cannot stat "/home/diego/Workspace/Cherry-1/examples/advanced/build/bin/Breadcrumbs": No such file or directory (2)
[51927:51943:0131/115206.827252:VERBOSE1:file_util_posix.cc(310)] Cannot stat "/home/diego/Workspace/Cherry-1/examples/advanced/build/bin/Default/Media Cache": No such file or directory (2)
[51927:51958:0131/115206.827292:VERBOSE1:file_util_posix.cc(310)] Cannot stat "/home/diego/Workspace/Cherry-1/examples/advanced/build/bin/Default/databases": No such file or directory (2)
[51927:51943:0131/115206.827314:VERBOSE1:file_util_posix.cc(310)] Cannot stat "/home/diego/Workspace/Cherry-1/examples/advanced/build/bin/Default/optimization_guide_prediction_model_downloads": No such file or directory (2)
[51927:51958:0131/115206.827320:VERBOSE1:file_util_posix.cc(310)] Cannot stat "/home/diego/Workspace/Cherry-1/examples/advanced/build/bin/Default/webrtc_event_logs": No such file or directory (2)
[51927:51958:0131/115206.827429:VERBOSE1:component_installer.cc(482)] StartRegistration for Related Website Sets
[51927:51958:0131/115206.827530:VERBOSE1:file_util_posix.cc(310)] Cannot stat "/home/diego/Workspace/Cherry-1/examples/advanced/build/bin/DesktopSharingHub": No such file or directory (2)
[51927:51958:0131/115206.827549:VERBOSE1:file_util_posix.cc(310)] Cannot stat "/home/diego/Workspace/Cherry-1/examples/advanced/build/bin/HistorySearch": No such file or directory (2)
[51927:51928:0131/115206.827781:VERBOSE1:component_installer.cc(561)] FinishRegistration for Related Website Sets
[51927:51928:0131/115206.827840:VERBOSE1:first_party_sets_component_installer.cc(44)] Received Related Website Sets
[51927:51928:0131/115206.828868:VERBOSE1:partitioned_lock_manager.cc(212)] Acquiring <PartitionedLockId>{id: 0x31, partition: 0} for SynchronizeInstalledApps@chrome/browser/web_applications/externally_managed_app_manager.cc:186
[51927:51928:0131/115206.828885:VERBOSE1:partitioned_lock_manager.cc(194)] All locks acquired for SynchronizeInstalledApps@chrome/browser/web_applications/externally_managed_app_manager.cc:186
[51927:51928:0131/115206.829308:VERBOSE1:partitioned_lock_manager.cc(236)] Releasing <PartitionedLockId>{id: 0x31, partition: 0} requested by SynchronizeInstalledApps@chrome/browser/web_applications/externally_managed_app_manager.cc:186
[51927:51928:0131/115206.830297:VERBOSE1:partitioned_lock_manager.cc(212)] Acquiring <PartitionedLockId>{id: 0x31, partition: 0} for SynchronizeInstalledApps@chrome/browser/web_applications/externally_managed_app_manager.cc:186
[51927:51928:0131/115206.830315:VERBOSE1:partitioned_lock_manager.cc(194)] All locks acquired for SynchronizeInstalledApps@chrome/browser/web_applications/externally_managed_app_manager.cc:186
[51927:51928:0131/115206.830346:VERBOSE1:partitioned_lock_manager.cc(236)] Releasing <PartitionedLockId>{id: 0x31, partition: 0} requested by SynchronizeInstalledApps@chrome/browser/web_applications/externally_managed_app_manager.cc:186
[51927:51928:0131/115206.843767:VERBOSE1:device_event_log_impl.cc(203)] [11:52:06.843] USB: USER: usb_service_linux.cc:302 USB device added: path=/dev/bus/usb/001/002 vendor=3034 "Realtek", product=51232 "802.11ac NIC", serial="123456", guid=16c3f367-2d1d-4e25-b546-def26a3da462
[51927:51928:0131/115206.843829:VERBOSE1:device_event_log_impl.cc(203)] [11:52:06.843] USB: USER: usb_service_linux.cc:302 USB device added: path=/dev/bus/usb/001/009 vendor=6940 "Corsair", product=3088 "Commander PRO", serial="05050320040F0818", guid=17558594-bb6c-49d9-83c6-191c9d1a5349
[51927:51928:0131/115206.843871:VERBOSE1:device_event_log_impl.cc(203)] [11:52:06.843] USB: USER: usb_service_linux.cc:302 USB device added: path=/dev/bus/usb/001/010 vendor=6940 "Corsair", product=3083 "Lighting Node PRO", serial="19200207C01C7CAF2F0B955F051C00F5", guid=940933e6-0ae0-4904-8873-ee9c103c6425
[51927:51928:0131/115206.843912:VERBOSE1:device_event_log_impl.cc(203)] [11:52:06.843] USB: USER: usb_service_linux.cc:302 USB device added: path=/dev/bus/usb/001/005 vendor=6940 "Corsair Components, Inc.", product=6971 "Corsair Gaming MM800 RGB POLARIS", serial="43E00116440445AFCDD1025CC61B00F5", guid=b49a2c2d-d8bf-4c92-9138-8c88cafdd373
[51927:51928:0131/115206.843950:VERBOSE1:device_event_log_impl.cc(203)] [11:52:06.843] USB: USER: usb_service_linux.cc:302 USB device added: path=/dev/bus/usb/001/007 vendor=6940 "Corsair", product=7028 "CORSAIR GLAIVE RGB PRO Gaming Mouse", serial="0F020007AF4784E35C1BD1D3F5001BC6", guid=4e9ee2fb-321a-4249-a112-cfad49df968c
[51927:51928:0131/115206.843989:VERBOSE1:device_event_log_impl.cc(203)] [11:52:06.843] USB: USER: usb_service_linux.cc:302 USB device added: path=/dev/bus/usb/001/004 vendor=6940 "Corsair", product=6957 "Corsair Gaming K95 RGB PLATINUM Keyboard", serial="0502F019AF3DA0275C096961F5001BC5", guid=497ac562-02a6-44b9-acf4-cab64bca90d2
[51927:51928:0131/115206.844025:VERBOSE1:device_event_log_impl.cc(203)] [11:52:06.844] USB: USER: usb_service_linux.cc:302 USB device added: path=/dev/bus/usb/001/006 vendor=6940 "Cosair", product=2642 "Corsair VOID ELITE USB Gaming Headset", serial="00000000", guid=153f12b7-a72a-49c0-994b-f6dc601d4c6a
[51927:51928:0131/115206.873648:VERBOSE1:segment_result_provider.cc(136)] GetSegmentResult: segment=OPTIMIZATION_TARGET_SEGMENTATION_DEVICE_SWITCHER ignoring DB score, executing model.
[51927:51928:0131/115206.873671:VERBOSE1:segment_result_provider.cc(277)] ExecuteModelAndGetScore: segment=OPTIMIZATION_TARGET_SEGMENTATION_DEVICE_SWITCHER server segment info not available
[51927:51928:0131/115206.873677:VERBOSE1:segment_result_provider.cc(210)] OnGotModelScore: segment=OPTIMIZATION_TARGET_SEGMENTATION_DEVICE_SWITCHER failed to get database model score, trying default model.
[51927:51941:0131/115209.307844:VERBOSE1:object_proxy.cc(513)] Signal received: message_type: MESSAGE_SIGNAL
path: /org/freedesktop/portal/desktop
interface: org.freedesktop.portal.Settings
member: SettingChanged
sender: :1.8
signature: ssv
serial: 3603

string "org.kde.VirtualKeyboard"
string "activeClientSupportsTextInput"
variant   bool true

